<?xml version="1.0" encoding="UTF-8"?>
<robot generator="Robot 6.1.1 (Python 3.13.0 on win32)" generated="20241126 18:46:07.971" rpa="false" schemaversion="4">
<suite id="s1" name="Register" source="d:\ohtuvarasto\sturdy-waffle\osa3\login-robot\src\tests\register.robot">
<test id="s1-t1" name="Register With Valid Username And Long Enough Password Containing Only Letters" line="23">
<kw name="Input New Command And Create User" type="SETUP">
<kw name="Create User" library="AppLibrary">
<arg>kalle</arg>
<arg>kalle123</arg>
<msg timestamp="20241126 18:46:08.008" level="INFO">attempting to create a user with credentials 
username: kalle
password: kalle123</msg>
<status status="PASS" starttime="20241126 18:46:08.008" endtime="20241126 18:46:08.010"/>
</kw>
<kw name="Input New Command" library="resource">
<kw name="Input" library="AppLibrary">
<arg>new</arg>
<status status="PASS" starttime="20241126 18:46:08.010" endtime="20241126 18:46:08.010"/>
</kw>
<status status="PASS" starttime="20241126 18:46:08.010" endtime="20241126 18:46:08.010"/>
</kw>
<status status="PASS" starttime="20241126 18:46:08.007" endtime="20241126 18:46:08.010"/>
</kw>
<kw name="Input Credentials" library="resource">
<arg>pekka</arg>
<arg>pekkapekkapekkapekka</arg>
<kw name="Input" library="AppLibrary">
<arg>${username}</arg>
<status status="PASS" starttime="20241126 18:46:08.011" endtime="20241126 18:46:08.011"/>
</kw>
<kw name="Input" library="AppLibrary">
<arg>${password}</arg>
<status status="PASS" starttime="20241126 18:46:08.012" endtime="20241126 18:46:08.012"/>
</kw>
<kw name="Run Application" library="AppLibrary">
<msg timestamp="20241126 18:46:08.012" level="INFO">attempting to create a user with credentials 
username: pekka
password: pekkapekkapekkapekka</msg>
<status status="PASS" starttime="20241126 18:46:08.012" endtime="20241126 18:46:08.012"/>
</kw>
<status status="PASS" starttime="20241126 18:46:08.011" endtime="20241126 18:46:08.013"/>
</kw>
<kw name="Output Should Contain" library="AppLibrary">
<arg>Password should be at least 8 characters, and cannot contain ONLY alphabetical characters</arg>
<status status="PASS" starttime="20241126 18:46:08.013" endtime="20241126 18:46:08.013"/>
</kw>
<status status="PASS" starttime="20241126 18:46:08.007" endtime="20241126 18:46:08.013"/>
</test>
<status status="PASS" starttime="20241126 18:46:07.977" endtime="20241126 18:46:08.014"/>
</suite>
<statistics>
<total>
<stat pass="1" fail="0" skip="0">All Tests</stat>
</total>
<tag>
</tag>
<suite>
<stat pass="1" fail="0" skip="0" id="s1" name="Register">Register</stat>
</suite>
</statistics>
<errors>
</errors>
</robot>
